[2021-12-01 17:50:50,406] {taskinstance.py:1035} INFO - Dependencies all met for <TaskInstance: my_dag.training_model_B scheduled__2021-11-21T00:00:00+00:00 [queued]>
[2021-12-01 17:50:50,411] {taskinstance.py:1035} INFO - Dependencies all met for <TaskInstance: my_dag.training_model_B scheduled__2021-11-21T00:00:00+00:00 [queued]>
[2021-12-01 17:50:50,411] {taskinstance.py:1241} INFO - 
--------------------------------------------------------------------------------
[2021-12-01 17:50:50,411] {taskinstance.py:1242} INFO - Starting attempt 1 of 1
[2021-12-01 17:50:50,411] {taskinstance.py:1243} INFO - 
--------------------------------------------------------------------------------
[2021-12-01 17:50:50,419] {taskinstance.py:1262} INFO - Executing <Task(PythonOperator): training_model_B> on 2021-11-21 00:00:00+00:00
[2021-12-01 17:50:50,421] {standard_task_runner.py:52} INFO - Started process 54158 to run task
[2021-12-01 17:50:50,425] {standard_task_runner.py:76} INFO - Running: ['airflow', 'tasks', 'run', 'my_dag', 'training_model_B', 'scheduled__2021-11-21T00:00:00+00:00', '--job-id', '17', '--raw', '--subdir', 'DAGS_FOLDER/my_dag.py', '--cfg-path', '/var/folders/xt/_j47lzt57cj88vmq2807qx_00000gp/T/tmp9w_jpps3', '--error-file', '/var/folders/xt/_j47lzt57cj88vmq2807qx_00000gp/T/tmpr8c56ngr']
[2021-12-01 17:50:50,428] {standard_task_runner.py:77} INFO - Job 17: Subtask training_model_B
[2021-12-01 17:50:50,458] {logging_mixin.py:109} INFO - Running <TaskInstance: my_dag.training_model_B scheduled__2021-11-21T00:00:00+00:00 [running]> on host zipcodes-macbook-pro-6.local
[2021-12-01 17:50:50,485] {taskinstance.py:1427} INFO - Exporting the following env vars:
AIRFLOW_CTX_DAG_OWNER=airflow
AIRFLOW_CTX_DAG_ID=my_dag
AIRFLOW_CTX_TASK_ID=training_model_B
AIRFLOW_CTX_EXECUTION_DATE=2021-11-21T00:00:00+00:00
AIRFLOW_CTX_DAG_RUN_ID=scheduled__2021-11-21T00:00:00+00:00
[2021-12-01 17:50:50,485] {python.py:152} INFO - Done. Returned value was: 3
[2021-12-01 17:50:50,496] {taskinstance.py:1270} INFO - Marking task as SUCCESS. dag_id=my_dag, task_id=training_model_B, execution_date=20211121T000000, start_date=20211201T225050, end_date=20211201T225050
[2021-12-01 17:50:50,527] {local_task_job.py:154} INFO - Task exited with return code 0
[2021-12-01 17:50:50,551] {local_task_job.py:264} INFO - 0 downstream tasks scheduled from follow-on schedule check
