[2021-12-01 17:33:29,938] {processor.py:163} INFO - Started process (PID=53055) to work on /Users/laffertythomas/dev/DataEngineering.Labs.AirflowProject/dags/my_dag.py
[2021-12-01 17:33:29,939] {processor.py:625} INFO - Processing file /Users/laffertythomas/dev/DataEngineering.Labs.AirflowProject/dags/my_dag.py for tasks to queue
[2021-12-01 17:33:29,939] {logging_mixin.py:109} INFO - [2021-12-01 17:33:29,939] {dagbag.py:500} INFO - Filling up the DagBag from /Users/laffertythomas/dev/DataEngineering.Labs.AirflowProject/dags/my_dag.py
[2021-12-01 17:33:29,991] {processor.py:637} INFO - DAG(s) dict_keys(['my_dag']) retrieved from /Users/laffertythomas/dev/DataEngineering.Labs.AirflowProject/dags/my_dag.py
[2021-12-01 17:33:31,285] {logging_mixin.py:109} INFO - [2021-12-01 17:33:31,285] {manager.py:496} INFO - Created Permission View: can read on DAG:my_dag
[2021-12-01 17:33:31,293] {logging_mixin.py:109} INFO - [2021-12-01 17:33:31,293] {manager.py:496} INFO - Created Permission View: can edit on DAG:my_dag
[2021-12-01 17:33:31,293] {logging_mixin.py:109} INFO - [2021-12-01 17:33:31,293] {dag.py:2396} INFO - Sync 1 DAGs
[2021-12-01 17:33:31,298] {logging_mixin.py:109} INFO - [2021-12-01 17:33:31,298] {dag.py:2415} INFO - Creating ORM DAG for my_dag
[2021-12-01 17:33:31,304] {logging_mixin.py:109} INFO - [2021-12-01 17:33:31,303] {dag.py:2928} INFO - Setting next_dagrun for my_dag to 2021-11-21 00:00:00+00:00
[2021-12-01 17:33:31,310] {processor.py:171} INFO - Processing /Users/laffertythomas/dev/DataEngineering.Labs.AirflowProject/dags/my_dag.py took 1.372 seconds
[2021-12-01 17:35:36,859] {processor.py:163} INFO - Started process (PID=53177) to work on /Users/laffertythomas/dev/DataEngineering.Labs.AirflowProject/dags/my_dag.py
[2021-12-01 17:35:36,862] {processor.py:625} INFO - Processing file /Users/laffertythomas/dev/DataEngineering.Labs.AirflowProject/dags/my_dag.py for tasks to queue
[2021-12-01 17:35:36,862] {logging_mixin.py:109} INFO - [2021-12-01 17:35:36,862] {dagbag.py:500} INFO - Filling up the DagBag from /Users/laffertythomas/dev/DataEngineering.Labs.AirflowProject/dags/my_dag.py
[2021-12-01 17:35:36,902] {processor.py:637} INFO - DAG(s) dict_keys(['my_dag']) retrieved from /Users/laffertythomas/dev/DataEngineering.Labs.AirflowProject/dags/my_dag.py
[2021-12-01 17:35:36,917] {logging_mixin.py:109} INFO - [2021-12-01 17:35:36,917] {dag.py:2396} INFO - Sync 1 DAGs
[2021-12-01 17:35:36,924] {logging_mixin.py:109} INFO - [2021-12-01 17:35:36,924] {dag.py:2928} INFO - Setting next_dagrun for my_dag to 2021-11-21 00:00:00+00:00
[2021-12-01 17:35:36,930] {processor.py:171} INFO - Processing /Users/laffertythomas/dev/DataEngineering.Labs.AirflowProject/dags/my_dag.py took 0.071 seconds
[2021-12-01 17:37:39,931] {processor.py:163} INFO - Started process (PID=53325) to work on /Users/laffertythomas/dev/DataEngineering.Labs.AirflowProject/dags/my_dag.py
[2021-12-01 17:37:39,932] {processor.py:625} INFO - Processing file /Users/laffertythomas/dev/DataEngineering.Labs.AirflowProject/dags/my_dag.py for tasks to queue
[2021-12-01 17:37:39,932] {logging_mixin.py:109} INFO - [2021-12-01 17:37:39,932] {dagbag.py:500} INFO - Filling up the DagBag from /Users/laffertythomas/dev/DataEngineering.Labs.AirflowProject/dags/my_dag.py
[2021-12-01 17:37:39,981] {processor.py:637} INFO - DAG(s) dict_keys(['my_dag']) retrieved from /Users/laffertythomas/dev/DataEngineering.Labs.AirflowProject/dags/my_dag.py
[2021-12-01 17:37:39,996] {logging_mixin.py:109} INFO - [2021-12-01 17:37:39,995] {dag.py:2396} INFO - Sync 1 DAGs
[2021-12-01 17:37:40,004] {logging_mixin.py:109} INFO - [2021-12-01 17:37:40,004] {dag.py:2928} INFO - Setting next_dagrun for my_dag to 2021-11-21 00:00:00+00:00
[2021-12-01 17:37:40,011] {processor.py:171} INFO - Processing /Users/laffertythomas/dev/DataEngineering.Labs.AirflowProject/dags/my_dag.py took 0.081 seconds
[2021-12-01 17:39:25,585] {processor.py:163} INFO - Started process (PID=53501) to work on /Users/laffertythomas/dev/DataEngineering.Labs.AirflowProject/dags/my_dag.py
[2021-12-01 17:39:25,587] {processor.py:625} INFO - Processing file /Users/laffertythomas/dev/DataEngineering.Labs.AirflowProject/dags/my_dag.py for tasks to queue
[2021-12-01 17:39:25,588] {logging_mixin.py:109} INFO - [2021-12-01 17:39:25,588] {dagbag.py:500} INFO - Filling up the DagBag from /Users/laffertythomas/dev/DataEngineering.Labs.AirflowProject/dags/my_dag.py
[2021-12-01 17:39:25,631] {processor.py:637} INFO - DAG(s) dict_keys(['my_dag']) retrieved from /Users/laffertythomas/dev/DataEngineering.Labs.AirflowProject/dags/my_dag.py
[2021-12-01 17:39:25,646] {logging_mixin.py:109} INFO - [2021-12-01 17:39:25,646] {dag.py:2396} INFO - Sync 1 DAGs
[2021-12-01 17:39:25,655] {logging_mixin.py:109} INFO - [2021-12-01 17:39:25,654] {dag.py:2928} INFO - Setting next_dagrun for my_dag to 2021-11-21 00:00:00+00:00
[2021-12-01 17:39:25,662] {processor.py:171} INFO - Processing /Users/laffertythomas/dev/DataEngineering.Labs.AirflowProject/dags/my_dag.py took 0.077 seconds
[2021-12-01 17:41:01,940] {processor.py:163} INFO - Started process (PID=53581) to work on /Users/laffertythomas/dev/DataEngineering.Labs.AirflowProject/dags/my_dag.py
[2021-12-01 17:41:01,941] {processor.py:625} INFO - Processing file /Users/laffertythomas/dev/DataEngineering.Labs.AirflowProject/dags/my_dag.py for tasks to queue
[2021-12-01 17:41:01,941] {logging_mixin.py:109} INFO - [2021-12-01 17:41:01,941] {dagbag.py:500} INFO - Filling up the DagBag from /Users/laffertythomas/dev/DataEngineering.Labs.AirflowProject/dags/my_dag.py
[2021-12-01 17:41:01,978] {processor.py:637} INFO - DAG(s) dict_keys(['my_dag']) retrieved from /Users/laffertythomas/dev/DataEngineering.Labs.AirflowProject/dags/my_dag.py
[2021-12-01 17:41:01,994] {logging_mixin.py:109} INFO - [2021-12-01 17:41:01,994] {dag.py:2396} INFO - Sync 1 DAGs
[2021-12-01 17:41:02,001] {logging_mixin.py:109} INFO - [2021-12-01 17:41:02,001] {dag.py:2928} INFO - Setting next_dagrun for my_dag to 2021-11-21 00:00:00+00:00
[2021-12-01 17:41:02,007] {processor.py:171} INFO - Processing /Users/laffertythomas/dev/DataEngineering.Labs.AirflowProject/dags/my_dag.py took 0.068 seconds
[2021-12-01 17:42:57,451] {processor.py:163} INFO - Started process (PID=53679) to work on /Users/laffertythomas/dev/DataEngineering.Labs.AirflowProject/dags/my_dag.py
[2021-12-01 17:42:57,453] {processor.py:625} INFO - Processing file /Users/laffertythomas/dev/DataEngineering.Labs.AirflowProject/dags/my_dag.py for tasks to queue
[2021-12-01 17:42:57,453] {logging_mixin.py:109} INFO - [2021-12-01 17:42:57,453] {dagbag.py:500} INFO - Filling up the DagBag from /Users/laffertythomas/dev/DataEngineering.Labs.AirflowProject/dags/my_dag.py
[2021-12-01 17:42:57,500] {processor.py:637} INFO - DAG(s) dict_keys(['my_dag']) retrieved from /Users/laffertythomas/dev/DataEngineering.Labs.AirflowProject/dags/my_dag.py
[2021-12-01 17:42:57,920] {logging_mixin.py:109} INFO - [2021-12-01 17:42:57,920] {dag.py:2396} INFO - Sync 1 DAGs
[2021-12-01 17:42:57,930] {logging_mixin.py:109} INFO - [2021-12-01 17:42:57,930] {dag.py:2928} INFO - Setting next_dagrun for my_dag to 2021-11-21 00:00:00+00:00
[2021-12-01 17:42:57,939] {processor.py:171} INFO - Processing /Users/laffertythomas/dev/DataEngineering.Labs.AirflowProject/dags/my_dag.py took 0.488 seconds
[2021-12-01 17:44:08,313] {processor.py:163} INFO - Started process (PID=53748) to work on /Users/laffertythomas/dev/DataEngineering.Labs.AirflowProject/dags/my_dag.py
[2021-12-01 17:44:08,315] {processor.py:625} INFO - Processing file /Users/laffertythomas/dev/DataEngineering.Labs.AirflowProject/dags/my_dag.py for tasks to queue
[2021-12-01 17:44:08,315] {logging_mixin.py:109} INFO - [2021-12-01 17:44:08,315] {dagbag.py:500} INFO - Filling up the DagBag from /Users/laffertythomas/dev/DataEngineering.Labs.AirflowProject/dags/my_dag.py
[2021-12-01 17:44:08,364] {processor.py:637} INFO - DAG(s) dict_keys(['my_dag']) retrieved from /Users/laffertythomas/dev/DataEngineering.Labs.AirflowProject/dags/my_dag.py
[2021-12-01 17:44:08,771] {logging_mixin.py:109} INFO - [2021-12-01 17:44:08,770] {dag.py:2396} INFO - Sync 1 DAGs
[2021-12-01 17:44:08,783] {logging_mixin.py:109} INFO - [2021-12-01 17:44:08,783] {dag.py:2928} INFO - Setting next_dagrun for my_dag to 2021-11-21 00:00:00+00:00
[2021-12-01 17:44:08,794] {processor.py:171} INFO - Processing /Users/laffertythomas/dev/DataEngineering.Labs.AirflowProject/dags/my_dag.py took 0.482 seconds
[2021-12-01 17:45:23,376] {processor.py:163} INFO - Started process (PID=53848) to work on /Users/laffertythomas/dev/DataEngineering.Labs.AirflowProject/dags/my_dag.py
[2021-12-01 17:45:23,379] {processor.py:625} INFO - Processing file /Users/laffertythomas/dev/DataEngineering.Labs.AirflowProject/dags/my_dag.py for tasks to queue
[2021-12-01 17:45:23,379] {logging_mixin.py:109} INFO - [2021-12-01 17:45:23,379] {dagbag.py:500} INFO - Filling up the DagBag from /Users/laffertythomas/dev/DataEngineering.Labs.AirflowProject/dags/my_dag.py
[2021-12-01 17:45:23,462] {processor.py:637} INFO - DAG(s) dict_keys(['my_dag']) retrieved from /Users/laffertythomas/dev/DataEngineering.Labs.AirflowProject/dags/my_dag.py
[2021-12-01 17:45:23,483] {logging_mixin.py:109} INFO - [2021-12-01 17:45:23,482] {dag.py:2396} INFO - Sync 1 DAGs
[2021-12-01 17:45:23,496] {logging_mixin.py:109} INFO - [2021-12-01 17:45:23,496] {dag.py:2928} INFO - Setting next_dagrun for my_dag to 2021-11-21 00:00:00+00:00
[2021-12-01 17:45:23,505] {processor.py:171} INFO - Processing /Users/laffertythomas/dev/DataEngineering.Labs.AirflowProject/dags/my_dag.py took 0.130 seconds
[2021-12-01 17:46:28,585] {processor.py:163} INFO - Started process (PID=53941) to work on /Users/laffertythomas/dev/DataEngineering.Labs.AirflowProject/dags/my_dag.py
[2021-12-01 17:46:28,587] {processor.py:625} INFO - Processing file /Users/laffertythomas/dev/DataEngineering.Labs.AirflowProject/dags/my_dag.py for tasks to queue
[2021-12-01 17:46:28,588] {logging_mixin.py:109} INFO - [2021-12-01 17:46:28,588] {dagbag.py:500} INFO - Filling up the DagBag from /Users/laffertythomas/dev/DataEngineering.Labs.AirflowProject/dags/my_dag.py
[2021-12-01 17:46:28,626] {processor.py:637} INFO - DAG(s) dict_keys(['my_dag']) retrieved from /Users/laffertythomas/dev/DataEngineering.Labs.AirflowProject/dags/my_dag.py
[2021-12-01 17:46:28,639] {logging_mixin.py:109} INFO - [2021-12-01 17:46:28,639] {dag.py:2396} INFO - Sync 1 DAGs
[2021-12-01 17:46:28,646] {logging_mixin.py:109} INFO - [2021-12-01 17:46:28,646] {dag.py:2928} INFO - Setting next_dagrun for my_dag to 2021-11-21 00:00:00+00:00
[2021-12-01 17:46:28,652] {processor.py:171} INFO - Processing /Users/laffertythomas/dev/DataEngineering.Labs.AirflowProject/dags/my_dag.py took 0.067 seconds
[2021-12-01 17:47:18,355] {processor.py:163} INFO - Started process (PID=54024) to work on /Users/laffertythomas/dev/DataEngineering.Labs.AirflowProject/dags/my_dag.py
[2021-12-01 17:47:18,355] {processor.py:625} INFO - Processing file /Users/laffertythomas/dev/DataEngineering.Labs.AirflowProject/dags/my_dag.py for tasks to queue
[2021-12-01 17:47:18,356] {logging_mixin.py:109} INFO - [2021-12-01 17:47:18,356] {dagbag.py:500} INFO - Filling up the DagBag from /Users/laffertythomas/dev/DataEngineering.Labs.AirflowProject/dags/my_dag.py
[2021-12-01 17:47:18,397] {processor.py:637} INFO - DAG(s) dict_keys(['my_dag']) retrieved from /Users/laffertythomas/dev/DataEngineering.Labs.AirflowProject/dags/my_dag.py
[2021-12-01 17:47:18,411] {logging_mixin.py:109} INFO - [2021-12-01 17:47:18,411] {dag.py:2396} INFO - Sync 1 DAGs
[2021-12-01 17:47:18,420] {logging_mixin.py:109} INFO - [2021-12-01 17:47:18,420] {dag.py:2928} INFO - Setting next_dagrun for my_dag to 2021-11-21 00:00:00+00:00
[2021-12-01 17:47:18,428] {processor.py:171} INFO - Processing /Users/laffertythomas/dev/DataEngineering.Labs.AirflowProject/dags/my_dag.py took 0.074 seconds
[2021-12-01 17:48:10,516] {processor.py:163} INFO - Started process (PID=54082) to work on /Users/laffertythomas/dev/DataEngineering.Labs.AirflowProject/dags/my_dag.py
[2021-12-01 17:48:10,517] {processor.py:625} INFO - Processing file /Users/laffertythomas/dev/DataEngineering.Labs.AirflowProject/dags/my_dag.py for tasks to queue
[2021-12-01 17:48:10,518] {logging_mixin.py:109} INFO - [2021-12-01 17:48:10,518] {dagbag.py:500} INFO - Filling up the DagBag from /Users/laffertythomas/dev/DataEngineering.Labs.AirflowProject/dags/my_dag.py
[2021-12-01 17:48:10,564] {processor.py:637} INFO - DAG(s) dict_keys(['my_dag']) retrieved from /Users/laffertythomas/dev/DataEngineering.Labs.AirflowProject/dags/my_dag.py
[2021-12-01 17:48:10,582] {logging_mixin.py:109} INFO - [2021-12-01 17:48:10,582] {dag.py:2396} INFO - Sync 1 DAGs
[2021-12-01 17:48:10,591] {logging_mixin.py:109} INFO - [2021-12-01 17:48:10,591] {dag.py:2928} INFO - Setting next_dagrun for my_dag to 2021-11-21 00:00:00+00:00
[2021-12-01 17:48:10,598] {processor.py:171} INFO - Processing /Users/laffertythomas/dev/DataEngineering.Labs.AirflowProject/dags/my_dag.py took 0.083 seconds
[2021-12-01 17:49:02,257] {processor.py:163} INFO - Started process (PID=54105) to work on /Users/laffertythomas/dev/DataEngineering.Labs.AirflowProject/dags/my_dag.py
[2021-12-01 17:49:02,258] {processor.py:625} INFO - Processing file /Users/laffertythomas/dev/DataEngineering.Labs.AirflowProject/dags/my_dag.py for tasks to queue
[2021-12-01 17:49:02,259] {logging_mixin.py:109} INFO - [2021-12-01 17:49:02,259] {dagbag.py:500} INFO - Filling up the DagBag from /Users/laffertythomas/dev/DataEngineering.Labs.AirflowProject/dags/my_dag.py
[2021-12-01 17:49:02,296] {processor.py:637} INFO - DAG(s) dict_keys(['my_dag']) retrieved from /Users/laffertythomas/dev/DataEngineering.Labs.AirflowProject/dags/my_dag.py
[2021-12-01 17:49:02,309] {logging_mixin.py:109} INFO - [2021-12-01 17:49:02,309] {dag.py:2396} INFO - Sync 1 DAGs
[2021-12-01 17:49:02,317] {logging_mixin.py:109} INFO - [2021-12-01 17:49:02,317] {dag.py:2928} INFO - Setting next_dagrun for my_dag to 2021-11-21 00:00:00+00:00
[2021-12-01 17:49:02,323] {processor.py:171} INFO - Processing /Users/laffertythomas/dev/DataEngineering.Labs.AirflowProject/dags/my_dag.py took 0.067 seconds
[2021-12-01 17:49:50,453] {processor.py:163} INFO - Started process (PID=54127) to work on /Users/laffertythomas/dev/DataEngineering.Labs.AirflowProject/dags/my_dag.py
[2021-12-01 17:49:50,453] {processor.py:625} INFO - Processing file /Users/laffertythomas/dev/DataEngineering.Labs.AirflowProject/dags/my_dag.py for tasks to queue
[2021-12-01 17:49:50,453] {logging_mixin.py:109} INFO - [2021-12-01 17:49:50,453] {dagbag.py:500} INFO - Filling up the DagBag from /Users/laffertythomas/dev/DataEngineering.Labs.AirflowProject/dags/my_dag.py
[2021-12-01 17:49:50,496] {processor.py:637} INFO - DAG(s) dict_keys(['my_dag']) retrieved from /Users/laffertythomas/dev/DataEngineering.Labs.AirflowProject/dags/my_dag.py
[2021-12-01 17:49:50,510] {logging_mixin.py:109} INFO - [2021-12-01 17:49:50,510] {dag.py:2396} INFO - Sync 1 DAGs
[2021-12-01 17:49:50,518] {logging_mixin.py:109} INFO - [2021-12-01 17:49:50,518] {dag.py:2928} INFO - Setting next_dagrun for my_dag to 2021-11-21 00:00:00+00:00
[2021-12-01 17:49:50,525] {processor.py:171} INFO - Processing /Users/laffertythomas/dev/DataEngineering.Labs.AirflowProject/dags/my_dag.py took 0.073 seconds
[2021-12-01 17:50:42,541] {processor.py:163} INFO - Started process (PID=54151) to work on /Users/laffertythomas/dev/DataEngineering.Labs.AirflowProject/dags/my_dag.py
[2021-12-01 17:50:42,543] {processor.py:625} INFO - Processing file /Users/laffertythomas/dev/DataEngineering.Labs.AirflowProject/dags/my_dag.py for tasks to queue
[2021-12-01 17:50:42,543] {logging_mixin.py:109} INFO - [2021-12-01 17:50:42,543] {dagbag.py:500} INFO - Filling up the DagBag from /Users/laffertythomas/dev/DataEngineering.Labs.AirflowProject/dags/my_dag.py
[2021-12-01 17:50:42,589] {processor.py:637} INFO - DAG(s) dict_keys(['my_dag']) retrieved from /Users/laffertythomas/dev/DataEngineering.Labs.AirflowProject/dags/my_dag.py
[2021-12-01 17:50:42,603] {logging_mixin.py:109} INFO - [2021-12-01 17:50:42,603] {dag.py:2396} INFO - Sync 1 DAGs
[2021-12-01 17:50:42,611] {logging_mixin.py:109} INFO - [2021-12-01 17:50:42,611] {dag.py:2928} INFO - Setting next_dagrun for my_dag to 2021-11-21 00:00:00+00:00
[2021-12-01 17:50:42,620] {processor.py:171} INFO - Processing /Users/laffertythomas/dev/DataEngineering.Labs.AirflowProject/dags/my_dag.py took 0.079 seconds
[2021-12-01 17:52:03,863] {processor.py:163} INFO - Started process (PID=54224) to work on /Users/laffertythomas/dev/DataEngineering.Labs.AirflowProject/dags/my_dag.py
[2021-12-01 17:52:03,864] {processor.py:625} INFO - Processing file /Users/laffertythomas/dev/DataEngineering.Labs.AirflowProject/dags/my_dag.py for tasks to queue
[2021-12-01 17:52:03,865] {logging_mixin.py:109} INFO - [2021-12-01 17:52:03,865] {dagbag.py:500} INFO - Filling up the DagBag from /Users/laffertythomas/dev/DataEngineering.Labs.AirflowProject/dags/my_dag.py
[2021-12-01 17:52:03,914] {processor.py:637} INFO - DAG(s) dict_keys(['my_dag']) retrieved from /Users/laffertythomas/dev/DataEngineering.Labs.AirflowProject/dags/my_dag.py
[2021-12-01 17:52:03,930] {logging_mixin.py:109} INFO - [2021-12-01 17:52:03,930] {dag.py:2396} INFO - Sync 1 DAGs
[2021-12-01 17:52:03,941] {logging_mixin.py:109} INFO - [2021-12-01 17:52:03,941] {dag.py:2928} INFO - Setting next_dagrun for my_dag to 2021-11-28T00:00:00+00:00
[2021-12-01 17:52:03,947] {processor.py:171} INFO - Processing /Users/laffertythomas/dev/DataEngineering.Labs.AirflowProject/dags/my_dag.py took 0.085 seconds
[2021-12-01 17:53:05,532] {processor.py:163} INFO - Started process (PID=54258) to work on /Users/laffertythomas/dev/DataEngineering.Labs.AirflowProject/dags/my_dag.py
[2021-12-01 17:53:05,534] {processor.py:625} INFO - Processing file /Users/laffertythomas/dev/DataEngineering.Labs.AirflowProject/dags/my_dag.py for tasks to queue
[2021-12-01 17:53:05,535] {logging_mixin.py:109} INFO - [2021-12-01 17:53:05,535] {dagbag.py:500} INFO - Filling up the DagBag from /Users/laffertythomas/dev/DataEngineering.Labs.AirflowProject/dags/my_dag.py
[2021-12-01 17:53:05,576] {processor.py:637} INFO - DAG(s) dict_keys(['my_dag']) retrieved from /Users/laffertythomas/dev/DataEngineering.Labs.AirflowProject/dags/my_dag.py
[2021-12-01 17:53:05,590] {logging_mixin.py:109} INFO - [2021-12-01 17:53:05,590] {dag.py:2396} INFO - Sync 1 DAGs
[2021-12-01 17:53:05,599] {logging_mixin.py:109} INFO - [2021-12-01 17:53:05,599] {dag.py:2928} INFO - Setting next_dagrun for my_dag to 2021-11-28T00:00:00+00:00
[2021-12-01 17:53:05,606] {processor.py:171} INFO - Processing /Users/laffertythomas/dev/DataEngineering.Labs.AirflowProject/dags/my_dag.py took 0.075 seconds
[2021-12-01 17:53:59,452] {processor.py:163} INFO - Started process (PID=54282) to work on /Users/laffertythomas/dev/DataEngineering.Labs.AirflowProject/dags/my_dag.py
[2021-12-01 17:53:59,453] {processor.py:625} INFO - Processing file /Users/laffertythomas/dev/DataEngineering.Labs.AirflowProject/dags/my_dag.py for tasks to queue
[2021-12-01 17:53:59,453] {logging_mixin.py:109} INFO - [2021-12-01 17:53:59,453] {dagbag.py:500} INFO - Filling up the DagBag from /Users/laffertythomas/dev/DataEngineering.Labs.AirflowProject/dags/my_dag.py
[2021-12-01 17:53:59,500] {processor.py:637} INFO - DAG(s) dict_keys(['my_dag']) retrieved from /Users/laffertythomas/dev/DataEngineering.Labs.AirflowProject/dags/my_dag.py
[2021-12-01 17:53:59,515] {logging_mixin.py:109} INFO - [2021-12-01 17:53:59,515] {dag.py:2396} INFO - Sync 1 DAGs
[2021-12-01 17:53:59,523] {logging_mixin.py:109} INFO - [2021-12-01 17:53:59,523] {dag.py:2928} INFO - Setting next_dagrun for my_dag to 2021-11-28T00:00:00+00:00
[2021-12-01 17:53:59,532] {processor.py:171} INFO - Processing /Users/laffertythomas/dev/DataEngineering.Labs.AirflowProject/dags/my_dag.py took 0.080 seconds
[2021-12-01 17:54:57,999] {processor.py:163} INFO - Started process (PID=54304) to work on /Users/laffertythomas/dev/DataEngineering.Labs.AirflowProject/dags/my_dag.py
[2021-12-01 17:54:58,001] {processor.py:625} INFO - Processing file /Users/laffertythomas/dev/DataEngineering.Labs.AirflowProject/dags/my_dag.py for tasks to queue
[2021-12-01 17:54:58,001] {logging_mixin.py:109} INFO - [2021-12-01 17:54:58,001] {dagbag.py:500} INFO - Filling up the DagBag from /Users/laffertythomas/dev/DataEngineering.Labs.AirflowProject/dags/my_dag.py
[2021-12-01 17:54:58,045] {processor.py:637} INFO - DAG(s) dict_keys(['my_dag']) retrieved from /Users/laffertythomas/dev/DataEngineering.Labs.AirflowProject/dags/my_dag.py
[2021-12-01 17:54:58,060] {logging_mixin.py:109} INFO - [2021-12-01 17:54:58,059] {dag.py:2396} INFO - Sync 1 DAGs
[2021-12-01 17:54:58,068] {logging_mixin.py:109} INFO - [2021-12-01 17:54:58,068] {dag.py:2928} INFO - Setting next_dagrun for my_dag to 2021-11-28T00:00:00+00:00
[2021-12-01 17:54:58,076] {processor.py:171} INFO - Processing /Users/laffertythomas/dev/DataEngineering.Labs.AirflowProject/dags/my_dag.py took 0.077 seconds
[2021-12-01 17:55:53,921] {processor.py:163} INFO - Started process (PID=54339) to work on /Users/laffertythomas/dev/DataEngineering.Labs.AirflowProject/dags/my_dag.py
[2021-12-01 17:55:53,923] {processor.py:625} INFO - Processing file /Users/laffertythomas/dev/DataEngineering.Labs.AirflowProject/dags/my_dag.py for tasks to queue
[2021-12-01 17:55:53,924] {logging_mixin.py:109} INFO - [2021-12-01 17:55:53,923] {dagbag.py:500} INFO - Filling up the DagBag from /Users/laffertythomas/dev/DataEngineering.Labs.AirflowProject/dags/my_dag.py
[2021-12-01 17:55:53,965] {processor.py:637} INFO - DAG(s) dict_keys(['my_dag']) retrieved from /Users/laffertythomas/dev/DataEngineering.Labs.AirflowProject/dags/my_dag.py
[2021-12-01 17:55:53,979] {logging_mixin.py:109} INFO - [2021-12-01 17:55:53,979] {dag.py:2396} INFO - Sync 1 DAGs
[2021-12-01 17:55:53,988] {logging_mixin.py:109} INFO - [2021-12-01 17:55:53,988] {dag.py:2928} INFO - Setting next_dagrun for my_dag to 2021-11-28T00:00:00+00:00
[2021-12-01 17:55:53,994] {processor.py:171} INFO - Processing /Users/laffertythomas/dev/DataEngineering.Labs.AirflowProject/dags/my_dag.py took 0.074 seconds
[2021-12-01 17:56:40,900] {processor.py:163} INFO - Started process (PID=54363) to work on /Users/laffertythomas/dev/DataEngineering.Labs.AirflowProject/dags/my_dag.py
[2021-12-01 17:56:40,901] {processor.py:625} INFO - Processing file /Users/laffertythomas/dev/DataEngineering.Labs.AirflowProject/dags/my_dag.py for tasks to queue
[2021-12-01 17:56:40,902] {logging_mixin.py:109} INFO - [2021-12-01 17:56:40,902] {dagbag.py:500} INFO - Filling up the DagBag from /Users/laffertythomas/dev/DataEngineering.Labs.AirflowProject/dags/my_dag.py
[2021-12-01 17:56:40,943] {processor.py:637} INFO - DAG(s) dict_keys(['my_dag']) retrieved from /Users/laffertythomas/dev/DataEngineering.Labs.AirflowProject/dags/my_dag.py
[2021-12-01 17:56:40,957] {logging_mixin.py:109} INFO - [2021-12-01 17:56:40,956] {dag.py:2396} INFO - Sync 1 DAGs
[2021-12-01 17:56:40,965] {logging_mixin.py:109} INFO - [2021-12-01 17:56:40,965] {dag.py:2928} INFO - Setting next_dagrun for my_dag to 2021-11-28T00:00:00+00:00
[2021-12-01 17:56:40,972] {processor.py:171} INFO - Processing /Users/laffertythomas/dev/DataEngineering.Labs.AirflowProject/dags/my_dag.py took 0.072 seconds
[2021-12-01 17:57:29,129] {processor.py:163} INFO - Started process (PID=54385) to work on /Users/laffertythomas/dev/DataEngineering.Labs.AirflowProject/dags/my_dag.py
[2021-12-01 17:57:29,131] {processor.py:625} INFO - Processing file /Users/laffertythomas/dev/DataEngineering.Labs.AirflowProject/dags/my_dag.py for tasks to queue
[2021-12-01 17:57:29,132] {logging_mixin.py:109} INFO - [2021-12-01 17:57:29,132] {dagbag.py:500} INFO - Filling up the DagBag from /Users/laffertythomas/dev/DataEngineering.Labs.AirflowProject/dags/my_dag.py
[2021-12-01 17:57:29,171] {processor.py:637} INFO - DAG(s) dict_keys(['my_dag']) retrieved from /Users/laffertythomas/dev/DataEngineering.Labs.AirflowProject/dags/my_dag.py
[2021-12-01 17:57:29,185] {logging_mixin.py:109} INFO - [2021-12-01 17:57:29,185] {dag.py:2396} INFO - Sync 1 DAGs
[2021-12-01 17:57:29,193] {logging_mixin.py:109} INFO - [2021-12-01 17:57:29,192] {dag.py:2928} INFO - Setting next_dagrun for my_dag to 2021-11-28T00:00:00+00:00
[2021-12-01 17:57:29,199] {processor.py:171} INFO - Processing /Users/laffertythomas/dev/DataEngineering.Labs.AirflowProject/dags/my_dag.py took 0.070 seconds
[2021-12-01 17:58:18,886] {processor.py:163} INFO - Started process (PID=54410) to work on /Users/laffertythomas/dev/DataEngineering.Labs.AirflowProject/dags/my_dag.py
[2021-12-01 17:58:18,886] {processor.py:625} INFO - Processing file /Users/laffertythomas/dev/DataEngineering.Labs.AirflowProject/dags/my_dag.py for tasks to queue
[2021-12-01 17:58:18,887] {logging_mixin.py:109} INFO - [2021-12-01 17:58:18,887] {dagbag.py:500} INFO - Filling up the DagBag from /Users/laffertythomas/dev/DataEngineering.Labs.AirflowProject/dags/my_dag.py
[2021-12-01 17:58:18,930] {processor.py:637} INFO - DAG(s) dict_keys(['my_dag']) retrieved from /Users/laffertythomas/dev/DataEngineering.Labs.AirflowProject/dags/my_dag.py
[2021-12-01 17:58:18,944] {logging_mixin.py:109} INFO - [2021-12-01 17:58:18,944] {dag.py:2396} INFO - Sync 1 DAGs
[2021-12-01 17:58:18,951] {logging_mixin.py:109} INFO - [2021-12-01 17:58:18,951] {dag.py:2928} INFO - Setting next_dagrun for my_dag to 2021-11-28T00:00:00+00:00
[2021-12-01 17:58:18,957] {processor.py:171} INFO - Processing /Users/laffertythomas/dev/DataEngineering.Labs.AirflowProject/dags/my_dag.py took 0.072 seconds
[2021-12-01 17:59:05,260] {processor.py:163} INFO - Started process (PID=54432) to work on /Users/laffertythomas/dev/DataEngineering.Labs.AirflowProject/dags/my_dag.py
[2021-12-01 17:59:05,262] {processor.py:625} INFO - Processing file /Users/laffertythomas/dev/DataEngineering.Labs.AirflowProject/dags/my_dag.py for tasks to queue
[2021-12-01 17:59:05,263] {logging_mixin.py:109} INFO - [2021-12-01 17:59:05,263] {dagbag.py:500} INFO - Filling up the DagBag from /Users/laffertythomas/dev/DataEngineering.Labs.AirflowProject/dags/my_dag.py
[2021-12-01 17:59:05,300] {processor.py:637} INFO - DAG(s) dict_keys(['my_dag']) retrieved from /Users/laffertythomas/dev/DataEngineering.Labs.AirflowProject/dags/my_dag.py
[2021-12-01 17:59:05,313] {logging_mixin.py:109} INFO - [2021-12-01 17:59:05,313] {dag.py:2396} INFO - Sync 1 DAGs
[2021-12-01 17:59:05,321] {logging_mixin.py:109} INFO - [2021-12-01 17:59:05,321] {dag.py:2928} INFO - Setting next_dagrun for my_dag to 2021-11-28T00:00:00+00:00
[2021-12-01 17:59:05,328] {processor.py:171} INFO - Processing /Users/laffertythomas/dev/DataEngineering.Labs.AirflowProject/dags/my_dag.py took 0.068 seconds
[2021-12-01 17:59:52,266] {processor.py:163} INFO - Started process (PID=54452) to work on /Users/laffertythomas/dev/DataEngineering.Labs.AirflowProject/dags/my_dag.py
[2021-12-01 17:59:52,268] {processor.py:625} INFO - Processing file /Users/laffertythomas/dev/DataEngineering.Labs.AirflowProject/dags/my_dag.py for tasks to queue
[2021-12-01 17:59:52,269] {logging_mixin.py:109} INFO - [2021-12-01 17:59:52,269] {dagbag.py:500} INFO - Filling up the DagBag from /Users/laffertythomas/dev/DataEngineering.Labs.AirflowProject/dags/my_dag.py
[2021-12-01 17:59:52,308] {processor.py:637} INFO - DAG(s) dict_keys(['my_dag']) retrieved from /Users/laffertythomas/dev/DataEngineering.Labs.AirflowProject/dags/my_dag.py
[2021-12-01 17:59:52,322] {logging_mixin.py:109} INFO - [2021-12-01 17:59:52,321] {dag.py:2396} INFO - Sync 1 DAGs
[2021-12-01 17:59:52,330] {logging_mixin.py:109} INFO - [2021-12-01 17:59:52,330] {dag.py:2928} INFO - Setting next_dagrun for my_dag to 2021-11-28T00:00:00+00:00
[2021-12-01 17:59:52,336] {processor.py:171} INFO - Processing /Users/laffertythomas/dev/DataEngineering.Labs.AirflowProject/dags/my_dag.py took 0.070 seconds
[2021-12-01 18:00:39,311] {processor.py:163} INFO - Started process (PID=54474) to work on /Users/laffertythomas/dev/DataEngineering.Labs.AirflowProject/dags/my_dag.py
[2021-12-01 18:00:39,313] {processor.py:625} INFO - Processing file /Users/laffertythomas/dev/DataEngineering.Labs.AirflowProject/dags/my_dag.py for tasks to queue
[2021-12-01 18:00:39,313] {logging_mixin.py:109} INFO - [2021-12-01 18:00:39,313] {dagbag.py:500} INFO - Filling up the DagBag from /Users/laffertythomas/dev/DataEngineering.Labs.AirflowProject/dags/my_dag.py
[2021-12-01 18:00:39,354] {processor.py:637} INFO - DAG(s) dict_keys(['my_dag']) retrieved from /Users/laffertythomas/dev/DataEngineering.Labs.AirflowProject/dags/my_dag.py
[2021-12-01 18:00:39,368] {logging_mixin.py:109} INFO - [2021-12-01 18:00:39,367] {dag.py:2396} INFO - Sync 1 DAGs
[2021-12-01 18:00:39,375] {logging_mixin.py:109} INFO - [2021-12-01 18:00:39,375] {dag.py:2928} INFO - Setting next_dagrun for my_dag to 2021-11-28T00:00:00+00:00
[2021-12-01 18:00:39,381] {processor.py:171} INFO - Processing /Users/laffertythomas/dev/DataEngineering.Labs.AirflowProject/dags/my_dag.py took 0.070 seconds
[2021-12-01 18:01:33,946] {processor.py:163} INFO - Started process (PID=54553) to work on /Users/laffertythomas/dev/DataEngineering.Labs.AirflowProject/dags/my_dag.py
[2021-12-01 18:01:33,947] {processor.py:625} INFO - Processing file /Users/laffertythomas/dev/DataEngineering.Labs.AirflowProject/dags/my_dag.py for tasks to queue
[2021-12-01 18:01:33,948] {logging_mixin.py:109} INFO - [2021-12-01 18:01:33,948] {dagbag.py:500} INFO - Filling up the DagBag from /Users/laffertythomas/dev/DataEngineering.Labs.AirflowProject/dags/my_dag.py
[2021-12-01 18:01:33,999] {processor.py:637} INFO - DAG(s) dict_keys(['my_dag']) retrieved from /Users/laffertythomas/dev/DataEngineering.Labs.AirflowProject/dags/my_dag.py
[2021-12-01 18:01:34,013] {logging_mixin.py:109} INFO - [2021-12-01 18:01:34,013] {dag.py:2396} INFO - Sync 1 DAGs
[2021-12-01 18:01:34,021] {logging_mixin.py:109} INFO - [2021-12-01 18:01:34,021] {dag.py:2928} INFO - Setting next_dagrun for my_dag to 2021-11-28T00:00:00+00:00
[2021-12-01 18:01:34,027] {processor.py:171} INFO - Processing /Users/laffertythomas/dev/DataEngineering.Labs.AirflowProject/dags/my_dag.py took 0.081 seconds
