[2021-12-01 17:51:02,690] {taskinstance.py:1035} INFO - Dependencies all met for <TaskInstance: my_dag.choose_best_model scheduled__2021-11-21T00:00:00+00:00 [queued]>
[2021-12-01 17:51:02,696] {taskinstance.py:1035} INFO - Dependencies all met for <TaskInstance: my_dag.choose_best_model scheduled__2021-11-21T00:00:00+00:00 [queued]>
[2021-12-01 17:51:02,696] {taskinstance.py:1241} INFO - 
--------------------------------------------------------------------------------
[2021-12-01 17:51:02,696] {taskinstance.py:1242} INFO - Starting attempt 1 of 1
[2021-12-01 17:51:02,696] {taskinstance.py:1243} INFO - 
--------------------------------------------------------------------------------
[2021-12-01 17:51:02,703] {taskinstance.py:1262} INFO - Executing <Task(BranchPythonOperator): choose_best_model> on 2021-11-21 00:00:00+00:00
[2021-12-01 17:51:02,706] {standard_task_runner.py:52} INFO - Started process 54169 to run task
[2021-12-01 17:51:02,711] {standard_task_runner.py:76} INFO - Running: ['airflow', 'tasks', 'run', 'my_dag', 'choose_best_model', 'scheduled__2021-11-21T00:00:00+00:00', '--job-id', '22', '--raw', '--subdir', 'DAGS_FOLDER/my_dag.py', '--cfg-path', '/var/folders/xt/_j47lzt57cj88vmq2807qx_00000gp/T/tmpas9ldszf', '--error-file', '/var/folders/xt/_j47lzt57cj88vmq2807qx_00000gp/T/tmplh2u_e4x']
[2021-12-01 17:51:02,713] {standard_task_runner.py:77} INFO - Job 22: Subtask choose_best_model
[2021-12-01 17:51:02,743] {logging_mixin.py:109} INFO - Running <TaskInstance: my_dag.choose_best_model scheduled__2021-11-21T00:00:00+00:00 [running]> on host zipcodes-macbook-pro-6.local
[2021-12-01 17:51:02,767] {taskinstance.py:1427} INFO - Exporting the following env vars:
AIRFLOW_CTX_DAG_OWNER=airflow
AIRFLOW_CTX_DAG_ID=my_dag
AIRFLOW_CTX_TASK_ID=choose_best_model
AIRFLOW_CTX_EXECUTION_DATE=2021-11-21T00:00:00+00:00
AIRFLOW_CTX_DAG_RUN_ID=scheduled__2021-11-21T00:00:00+00:00
[2021-12-01 17:51:02,770] {python.py:152} INFO - Done. Returned value was: accurate
[2021-12-01 17:51:02,771] {skipmixin.py:143} INFO - Following branch accurate
[2021-12-01 17:51:02,771] {skipmixin.py:174} INFO - Skipping tasks ['inaccurate']
[2021-12-01 17:51:02,787] {taskinstance.py:1270} INFO - Marking task as SUCCESS. dag_id=my_dag, task_id=choose_best_model, execution_date=20211121T000000, start_date=20211201T225102, end_date=20211201T225102
[2021-12-01 17:51:02,811] {local_task_job.py:154} INFO - Task exited with return code 0
[2021-12-01 17:51:02,844] {local_task_job.py:264} INFO - 1 downstream tasks scheduled from follow-on schedule check
