[2021-12-01 17:50:52,535] {taskinstance.py:1035} INFO - Dependencies all met for <TaskInstance: my_dag.training_model_C scheduled__2021-11-21T00:00:00+00:00 [queued]>
[2021-12-01 17:50:52,540] {taskinstance.py:1035} INFO - Dependencies all met for <TaskInstance: my_dag.training_model_C scheduled__2021-11-21T00:00:00+00:00 [queued]>
[2021-12-01 17:50:52,540] {taskinstance.py:1241} INFO - 
--------------------------------------------------------------------------------
[2021-12-01 17:50:52,540] {taskinstance.py:1242} INFO - Starting attempt 1 of 1
[2021-12-01 17:50:52,540] {taskinstance.py:1243} INFO - 
--------------------------------------------------------------------------------
[2021-12-01 17:50:52,547] {taskinstance.py:1262} INFO - Executing <Task(PythonOperator): training_model_C> on 2021-11-21 00:00:00+00:00
[2021-12-01 17:50:52,548] {standard_task_runner.py:52} INFO - Started process 54160 to run task
[2021-12-01 17:50:52,553] {standard_task_runner.py:76} INFO - Running: ['airflow', 'tasks', 'run', 'my_dag', 'training_model_C', 'scheduled__2021-11-21T00:00:00+00:00', '--job-id', '18', '--raw', '--subdir', 'DAGS_FOLDER/my_dag.py', '--cfg-path', '/var/folders/xt/_j47lzt57cj88vmq2807qx_00000gp/T/tmp43lp63nc', '--error-file', '/var/folders/xt/_j47lzt57cj88vmq2807qx_00000gp/T/tmp714p00h9']
[2021-12-01 17:50:52,554] {standard_task_runner.py:77} INFO - Job 18: Subtask training_model_C
[2021-12-01 17:50:52,582] {logging_mixin.py:109} INFO - Running <TaskInstance: my_dag.training_model_C scheduled__2021-11-21T00:00:00+00:00 [running]> on host zipcodes-macbook-pro-6.local
[2021-12-01 17:50:52,604] {taskinstance.py:1427} INFO - Exporting the following env vars:
AIRFLOW_CTX_DAG_OWNER=airflow
AIRFLOW_CTX_DAG_ID=my_dag
AIRFLOW_CTX_TASK_ID=training_model_C
AIRFLOW_CTX_EXECUTION_DATE=2021-11-21T00:00:00+00:00
AIRFLOW_CTX_DAG_RUN_ID=scheduled__2021-11-21T00:00:00+00:00
[2021-12-01 17:50:52,605] {python.py:152} INFO - Done. Returned value was: 8
[2021-12-01 17:50:52,615] {taskinstance.py:1270} INFO - Marking task as SUCCESS. dag_id=my_dag, task_id=training_model_C, execution_date=20211121T000000, start_date=20211201T225052, end_date=20211201T225052
[2021-12-01 17:50:52,651] {local_task_job.py:154} INFO - Task exited with return code 0
[2021-12-01 17:50:52,689] {local_task_job.py:264} INFO - 1 downstream tasks scheduled from follow-on schedule check
