[2021-11-30 22:44:23,329] {taskinstance.py:1035} INFO - Dependencies all met for <TaskInstance: example_external_task_marker_child.child_task1 manual__2021-12-01T03:44:19.004712+00:00 [queued]>
[2021-11-30 22:44:23,334] {taskinstance.py:1035} INFO - Dependencies all met for <TaskInstance: example_external_task_marker_child.child_task1 manual__2021-12-01T03:44:19.004712+00:00 [queued]>
[2021-11-30 22:44:23,334] {taskinstance.py:1241} INFO - 
--------------------------------------------------------------------------------
[2021-11-30 22:44:23,334] {taskinstance.py:1242} INFO - Starting attempt 1 of 1
[2021-11-30 22:44:23,334] {taskinstance.py:1243} INFO - 
--------------------------------------------------------------------------------
[2021-11-30 22:44:23,341] {taskinstance.py:1262} INFO - Executing <Task(ExternalTaskSensor): child_task1> on 2021-12-01 03:44:19.004712+00:00
[2021-11-30 22:44:23,343] {standard_task_runner.py:52} INFO - Started process 39348 to run task
[2021-11-30 22:44:23,348] {standard_task_runner.py:76} INFO - Running: ['airflow', 'tasks', 'run', 'example_external_task_marker_child', 'child_task1', 'manual__2021-12-01T03:44:19.004712+00:00', '--job-id', '2', '--raw', '--subdir', '/Users/laffertythomas/dev/airflow/venv/lib/python3.9/site-packages/airflow/example_dags/example_external_task_marker_dag.py', '--cfg-path', '/var/folders/xt/_j47lzt57cj88vmq2807qx_00000gp/T/tmpe5ux3vv5', '--error-file', '/var/folders/xt/_j47lzt57cj88vmq2807qx_00000gp/T/tmpwt019gh5']
[2021-11-30 22:44:23,350] {standard_task_runner.py:77} INFO - Job 2: Subtask child_task1
[2021-11-30 22:44:23,378] {logging_mixin.py:109} INFO - Running <TaskInstance: example_external_task_marker_child.child_task1 manual__2021-12-01T03:44:19.004712+00:00 [running]> on host zipcodes-mbp-6.fios-router.home
[2021-11-30 22:44:23,404] {taskinstance.py:1427} INFO - Exporting the following env vars:
AIRFLOW_CTX_DAG_OWNER=airflow
AIRFLOW_CTX_DAG_ID=example_external_task_marker_child
AIRFLOW_CTX_TASK_ID=child_task1
AIRFLOW_CTX_EXECUTION_DATE=2021-12-01T03:44:19.004712+00:00
AIRFLOW_CTX_DAG_RUN_ID=manual__2021-12-01T03:44:19.004712+00:00
[2021-11-30 22:44:23,412] {logging_mixin.py:109} WARNING - /Users/laffertythomas/dev/airflow/venv/lib/python3.9/site-packages/airflow/models/taskinstance.py:1941 DeprecationWarning: Accessing 'execution_date' from the template is deprecated and will be removed in a future version. Please use 'logical_date' or 'data_interval_start' instead.
[2021-11-30 22:44:23,412] {external_task.py:169} INFO - Poking for tasks ['parent_task'] in dag example_external_task_marker_parent on 2021-12-01T03:44:19.004712+00:00 ... 
[2021-11-30 22:44:23,428] {taskinstance.py:1686} INFO - Rescheduling task, marking task as UP_FOR_RESCHEDULE
[2021-11-30 22:44:23,442] {local_task_job.py:154} INFO - Task exited with return code 0
[2021-11-30 22:44:23,464] {local_task_job.py:264} INFO - 0 downstream tasks scheduled from follow-on schedule check
[2021-11-30 22:45:26,800] {taskinstance.py:1035} INFO - Dependencies all met for <TaskInstance: example_external_task_marker_child.child_task1 manual__2021-12-01T03:44:19.004712+00:00 [queued]>
[2021-11-30 22:45:26,805] {taskinstance.py:1035} INFO - Dependencies all met for <TaskInstance: example_external_task_marker_child.child_task1 manual__2021-12-01T03:44:19.004712+00:00 [queued]>
[2021-11-30 22:45:26,805] {taskinstance.py:1241} INFO - 
--------------------------------------------------------------------------------
[2021-11-30 22:45:26,805] {taskinstance.py:1242} INFO - Starting attempt 1 of 1
[2021-11-30 22:45:26,805] {taskinstance.py:1243} INFO - 
--------------------------------------------------------------------------------
[2021-11-30 22:45:26,811] {taskinstance.py:1262} INFO - Executing <Task(ExternalTaskSensor): child_task1> on 2021-12-01 03:44:19.004712+00:00
[2021-11-30 22:45:26,813] {standard_task_runner.py:52} INFO - Started process 39379 to run task
[2021-11-30 22:45:26,822] {standard_task_runner.py:76} INFO - Running: ['airflow', 'tasks', 'run', 'example_external_task_marker_child', 'child_task1', 'manual__2021-12-01T03:44:19.004712+00:00', '--job-id', '3', '--raw', '--subdir', '/Users/laffertythomas/dev/airflow/venv/lib/python3.9/site-packages/airflow/example_dags/example_external_task_marker_dag.py', '--cfg-path', '/var/folders/xt/_j47lzt57cj88vmq2807qx_00000gp/T/tmpkto_829c', '--error-file', '/var/folders/xt/_j47lzt57cj88vmq2807qx_00000gp/T/tmpvkpjcc4s']
[2021-11-30 22:45:26,824] {standard_task_runner.py:77} INFO - Job 3: Subtask child_task1
[2021-11-30 22:45:26,851] {logging_mixin.py:109} INFO - Running <TaskInstance: example_external_task_marker_child.child_task1 manual__2021-12-01T03:44:19.004712+00:00 [running]> on host zipcodes-mbp-6.fios-router.home
[2021-11-30 22:45:26,874] {taskinstance.py:1427} INFO - Exporting the following env vars:
AIRFLOW_CTX_DAG_OWNER=airflow
AIRFLOW_CTX_DAG_ID=example_external_task_marker_child
AIRFLOW_CTX_TASK_ID=child_task1
AIRFLOW_CTX_EXECUTION_DATE=2021-12-01T03:44:19.004712+00:00
AIRFLOW_CTX_DAG_RUN_ID=manual__2021-12-01T03:44:19.004712+00:00
[2021-11-30 22:45:26,881] {logging_mixin.py:109} WARNING - /Users/laffertythomas/dev/airflow/venv/lib/python3.9/site-packages/airflow/models/taskinstance.py:1941 DeprecationWarning: Accessing 'execution_date' from the template is deprecated and will be removed in a future version. Please use 'logical_date' or 'data_interval_start' instead.
[2021-11-30 22:45:26,882] {external_task.py:169} INFO - Poking for tasks ['parent_task'] in dag example_external_task_marker_parent on 2021-12-01T03:44:19.004712+00:00 ... 
[2021-11-30 22:45:26,897] {taskinstance.py:1686} INFO - Rescheduling task, marking task as UP_FOR_RESCHEDULE
[2021-11-30 22:45:26,917] {local_task_job.py:154} INFO - Task exited with return code 0
[2021-11-30 22:45:26,939] {local_task_job.py:264} INFO - 0 downstream tasks scheduled from follow-on schedule check
[2021-11-30 22:46:29,636] {taskinstance.py:1035} INFO - Dependencies all met for <TaskInstance: example_external_task_marker_child.child_task1 manual__2021-12-01T03:44:19.004712+00:00 [queued]>
[2021-11-30 22:46:29,641] {taskinstance.py:1035} INFO - Dependencies all met for <TaskInstance: example_external_task_marker_child.child_task1 manual__2021-12-01T03:44:19.004712+00:00 [queued]>
[2021-11-30 22:46:29,641] {taskinstance.py:1241} INFO - 
--------------------------------------------------------------------------------
[2021-11-30 22:46:29,641] {taskinstance.py:1242} INFO - Starting attempt 1 of 1
[2021-11-30 22:46:29,641] {taskinstance.py:1243} INFO - 
--------------------------------------------------------------------------------
[2021-11-30 22:46:29,648] {taskinstance.py:1262} INFO - Executing <Task(ExternalTaskSensor): child_task1> on 2021-12-01 03:44:19.004712+00:00
[2021-11-30 22:46:29,650] {standard_task_runner.py:52} INFO - Started process 39410 to run task
[2021-11-30 22:46:29,655] {standard_task_runner.py:76} INFO - Running: ['airflow', 'tasks', 'run', 'example_external_task_marker_child', 'child_task1', 'manual__2021-12-01T03:44:19.004712+00:00', '--job-id', '4', '--raw', '--subdir', '/Users/laffertythomas/dev/airflow/venv/lib/python3.9/site-packages/airflow/example_dags/example_external_task_marker_dag.py', '--cfg-path', '/var/folders/xt/_j47lzt57cj88vmq2807qx_00000gp/T/tmp87e81wqv', '--error-file', '/var/folders/xt/_j47lzt57cj88vmq2807qx_00000gp/T/tmppo2bl153']
[2021-11-30 22:46:29,656] {standard_task_runner.py:77} INFO - Job 4: Subtask child_task1
[2021-11-30 22:46:29,683] {logging_mixin.py:109} INFO - Running <TaskInstance: example_external_task_marker_child.child_task1 manual__2021-12-01T03:44:19.004712+00:00 [running]> on host zipcodes-mbp-6.fios-router.home
[2021-11-30 22:46:29,705] {taskinstance.py:1427} INFO - Exporting the following env vars:
AIRFLOW_CTX_DAG_OWNER=airflow
AIRFLOW_CTX_DAG_ID=example_external_task_marker_child
AIRFLOW_CTX_TASK_ID=child_task1
AIRFLOW_CTX_EXECUTION_DATE=2021-12-01T03:44:19.004712+00:00
AIRFLOW_CTX_DAG_RUN_ID=manual__2021-12-01T03:44:19.004712+00:00
[2021-11-30 22:46:29,713] {logging_mixin.py:109} WARNING - /Users/laffertythomas/dev/airflow/venv/lib/python3.9/site-packages/airflow/models/taskinstance.py:1941 DeprecationWarning: Accessing 'execution_date' from the template is deprecated and will be removed in a future version. Please use 'logical_date' or 'data_interval_start' instead.
[2021-11-30 22:46:29,714] {external_task.py:169} INFO - Poking for tasks ['parent_task'] in dag example_external_task_marker_parent on 2021-12-01T03:44:19.004712+00:00 ... 
[2021-11-30 22:46:29,729] {taskinstance.py:1686} INFO - Rescheduling task, marking task as UP_FOR_RESCHEDULE
[2021-11-30 22:46:29,755] {local_task_job.py:154} INFO - Task exited with return code 0
[2021-11-30 22:46:29,779] {local_task_job.py:264} INFO - 0 downstream tasks scheduled from follow-on schedule check
[2021-11-30 22:47:32,693] {taskinstance.py:1035} INFO - Dependencies all met for <TaskInstance: example_external_task_marker_child.child_task1 manual__2021-12-01T03:44:19.004712+00:00 [queued]>
[2021-11-30 22:47:32,698] {taskinstance.py:1035} INFO - Dependencies all met for <TaskInstance: example_external_task_marker_child.child_task1 manual__2021-12-01T03:44:19.004712+00:00 [queued]>
[2021-11-30 22:47:32,698] {taskinstance.py:1241} INFO - 
--------------------------------------------------------------------------------
[2021-11-30 22:47:32,698] {taskinstance.py:1242} INFO - Starting attempt 1 of 1
[2021-11-30 22:47:32,698] {taskinstance.py:1243} INFO - 
--------------------------------------------------------------------------------
[2021-11-30 22:47:32,705] {taskinstance.py:1262} INFO - Executing <Task(ExternalTaskSensor): child_task1> on 2021-12-01 03:44:19.004712+00:00
[2021-11-30 22:47:32,707] {standard_task_runner.py:52} INFO - Started process 39443 to run task
[2021-11-30 22:47:32,715] {standard_task_runner.py:76} INFO - Running: ['airflow', 'tasks', 'run', 'example_external_task_marker_child', 'child_task1', 'manual__2021-12-01T03:44:19.004712+00:00', '--job-id', '5', '--raw', '--subdir', '/Users/laffertythomas/dev/airflow/venv/lib/python3.9/site-packages/airflow/example_dags/example_external_task_marker_dag.py', '--cfg-path', '/var/folders/xt/_j47lzt57cj88vmq2807qx_00000gp/T/tmpcifejgok', '--error-file', '/var/folders/xt/_j47lzt57cj88vmq2807qx_00000gp/T/tmp8ybbnh1i']
[2021-11-30 22:47:32,717] {standard_task_runner.py:77} INFO - Job 5: Subtask child_task1
[2021-11-30 22:47:32,751] {logging_mixin.py:109} INFO - Running <TaskInstance: example_external_task_marker_child.child_task1 manual__2021-12-01T03:44:19.004712+00:00 [running]> on host zipcodes-mbp-6.fios-router.home
[2021-11-30 22:47:32,779] {taskinstance.py:1427} INFO - Exporting the following env vars:
AIRFLOW_CTX_DAG_OWNER=airflow
AIRFLOW_CTX_DAG_ID=example_external_task_marker_child
AIRFLOW_CTX_TASK_ID=child_task1
AIRFLOW_CTX_EXECUTION_DATE=2021-12-01T03:44:19.004712+00:00
AIRFLOW_CTX_DAG_RUN_ID=manual__2021-12-01T03:44:19.004712+00:00
[2021-11-30 22:47:32,790] {logging_mixin.py:109} WARNING - /Users/laffertythomas/dev/airflow/venv/lib/python3.9/site-packages/airflow/models/taskinstance.py:1941 DeprecationWarning: Accessing 'execution_date' from the template is deprecated and will be removed in a future version. Please use 'logical_date' or 'data_interval_start' instead.
[2021-11-30 22:47:32,790] {external_task.py:169} INFO - Poking for tasks ['parent_task'] in dag example_external_task_marker_parent on 2021-12-01T03:44:19.004712+00:00 ... 
[2021-11-30 22:47:32,809] {taskinstance.py:1686} INFO - Rescheduling task, marking task as UP_FOR_RESCHEDULE
[2021-11-30 22:47:32,854] {local_task_job.py:154} INFO - Task exited with return code 0
[2021-11-30 22:47:32,879] {local_task_job.py:264} INFO - 0 downstream tasks scheduled from follow-on schedule check
[2021-11-30 22:48:35,246] {taskinstance.py:1035} INFO - Dependencies all met for <TaskInstance: example_external_task_marker_child.child_task1 manual__2021-12-01T03:44:19.004712+00:00 [queued]>
[2021-11-30 22:48:35,250] {taskinstance.py:1035} INFO - Dependencies all met for <TaskInstance: example_external_task_marker_child.child_task1 manual__2021-12-01T03:44:19.004712+00:00 [queued]>
[2021-11-30 22:48:35,251] {taskinstance.py:1241} INFO - 
--------------------------------------------------------------------------------
[2021-11-30 22:48:35,251] {taskinstance.py:1242} INFO - Starting attempt 1 of 1
[2021-11-30 22:48:35,251] {taskinstance.py:1243} INFO - 
--------------------------------------------------------------------------------
[2021-11-30 22:48:35,258] {taskinstance.py:1262} INFO - Executing <Task(ExternalTaskSensor): child_task1> on 2021-12-01 03:44:19.004712+00:00
[2021-11-30 22:48:35,259] {standard_task_runner.py:52} INFO - Started process 39474 to run task
[2021-11-30 22:48:35,265] {standard_task_runner.py:76} INFO - Running: ['airflow', 'tasks', 'run', 'example_external_task_marker_child', 'child_task1', 'manual__2021-12-01T03:44:19.004712+00:00', '--job-id', '6', '--raw', '--subdir', '/Users/laffertythomas/dev/airflow/venv/lib/python3.9/site-packages/airflow/example_dags/example_external_task_marker_dag.py', '--cfg-path', '/var/folders/xt/_j47lzt57cj88vmq2807qx_00000gp/T/tmpr4geo8gk', '--error-file', '/var/folders/xt/_j47lzt57cj88vmq2807qx_00000gp/T/tmp3x7uvla3']
[2021-11-30 22:48:35,267] {standard_task_runner.py:77} INFO - Job 6: Subtask child_task1
[2021-11-30 22:48:35,293] {logging_mixin.py:109} INFO - Running <TaskInstance: example_external_task_marker_child.child_task1 manual__2021-12-01T03:44:19.004712+00:00 [running]> on host zipcodes-mbp-6.fios-router.home
[2021-11-30 22:48:35,315] {taskinstance.py:1427} INFO - Exporting the following env vars:
AIRFLOW_CTX_DAG_OWNER=airflow
AIRFLOW_CTX_DAG_ID=example_external_task_marker_child
AIRFLOW_CTX_TASK_ID=child_task1
AIRFLOW_CTX_EXECUTION_DATE=2021-12-01T03:44:19.004712+00:00
AIRFLOW_CTX_DAG_RUN_ID=manual__2021-12-01T03:44:19.004712+00:00
[2021-11-30 22:48:35,323] {logging_mixin.py:109} WARNING - /Users/laffertythomas/dev/airflow/venv/lib/python3.9/site-packages/airflow/models/taskinstance.py:1941 DeprecationWarning: Accessing 'execution_date' from the template is deprecated and will be removed in a future version. Please use 'logical_date' or 'data_interval_start' instead.
[2021-11-30 22:48:35,323] {external_task.py:169} INFO - Poking for tasks ['parent_task'] in dag example_external_task_marker_parent on 2021-12-01T03:44:19.004712+00:00 ... 
[2021-11-30 22:48:35,338] {taskinstance.py:1686} INFO - Rescheduling task, marking task as UP_FOR_RESCHEDULE
[2021-11-30 22:48:35,366] {local_task_job.py:154} INFO - Task exited with return code 0
[2021-11-30 22:48:35,388] {local_task_job.py:264} INFO - 0 downstream tasks scheduled from follow-on schedule check
[2021-11-30 22:49:37,099] {taskinstance.py:1035} INFO - Dependencies all met for <TaskInstance: example_external_task_marker_child.child_task1 manual__2021-12-01T03:44:19.004712+00:00 [queued]>
[2021-11-30 22:49:37,105] {taskinstance.py:1035} INFO - Dependencies all met for <TaskInstance: example_external_task_marker_child.child_task1 manual__2021-12-01T03:44:19.004712+00:00 [queued]>
[2021-11-30 22:49:37,105] {taskinstance.py:1241} INFO - 
--------------------------------------------------------------------------------
[2021-11-30 22:49:37,105] {taskinstance.py:1242} INFO - Starting attempt 1 of 1
[2021-11-30 22:49:37,105] {taskinstance.py:1243} INFO - 
--------------------------------------------------------------------------------
[2021-11-30 22:49:37,111] {taskinstance.py:1262} INFO - Executing <Task(ExternalTaskSensor): child_task1> on 2021-12-01 03:44:19.004712+00:00
[2021-11-30 22:49:37,113] {standard_task_runner.py:52} INFO - Started process 39505 to run task
[2021-11-30 22:49:37,123] {standard_task_runner.py:76} INFO - Running: ['airflow', 'tasks', 'run', 'example_external_task_marker_child', 'child_task1', 'manual__2021-12-01T03:44:19.004712+00:00', '--job-id', '7', '--raw', '--subdir', '/Users/laffertythomas/dev/airflow/venv/lib/python3.9/site-packages/airflow/example_dags/example_external_task_marker_dag.py', '--cfg-path', '/var/folders/xt/_j47lzt57cj88vmq2807qx_00000gp/T/tmpted1s2xg', '--error-file', '/var/folders/xt/_j47lzt57cj88vmq2807qx_00000gp/T/tmpzzbac4mk']
[2021-11-30 22:49:37,125] {standard_task_runner.py:77} INFO - Job 7: Subtask child_task1
[2021-11-30 22:49:37,154] {logging_mixin.py:109} INFO - Running <TaskInstance: example_external_task_marker_child.child_task1 manual__2021-12-01T03:44:19.004712+00:00 [running]> on host zipcodes-mbp-6.fios-router.home
[2021-11-30 22:49:37,178] {taskinstance.py:1427} INFO - Exporting the following env vars:
AIRFLOW_CTX_DAG_OWNER=airflow
AIRFLOW_CTX_DAG_ID=example_external_task_marker_child
AIRFLOW_CTX_TASK_ID=child_task1
AIRFLOW_CTX_EXECUTION_DATE=2021-12-01T03:44:19.004712+00:00
AIRFLOW_CTX_DAG_RUN_ID=manual__2021-12-01T03:44:19.004712+00:00
[2021-11-30 22:49:37,186] {logging_mixin.py:109} WARNING - /Users/laffertythomas/dev/airflow/venv/lib/python3.9/site-packages/airflow/models/taskinstance.py:1941 DeprecationWarning: Accessing 'execution_date' from the template is deprecated and will be removed in a future version. Please use 'logical_date' or 'data_interval_start' instead.
[2021-11-30 22:49:37,186] {external_task.py:169} INFO - Poking for tasks ['parent_task'] in dag example_external_task_marker_parent on 2021-12-01T03:44:19.004712+00:00 ... 
[2021-11-30 22:49:37,201] {taskinstance.py:1686} INFO - Rescheduling task, marking task as UP_FOR_RESCHEDULE
[2021-11-30 22:49:37,211] {local_task_job.py:154} INFO - Task exited with return code 0
[2021-11-30 22:49:37,231] {local_task_job.py:264} INFO - 0 downstream tasks scheduled from follow-on schedule check
[2021-11-30 22:50:39,992] {taskinstance.py:1035} INFO - Dependencies all met for <TaskInstance: example_external_task_marker_child.child_task1 manual__2021-12-01T03:44:19.004712+00:00 [queued]>
[2021-11-30 22:50:39,996] {taskinstance.py:1035} INFO - Dependencies all met for <TaskInstance: example_external_task_marker_child.child_task1 manual__2021-12-01T03:44:19.004712+00:00 [queued]>
[2021-11-30 22:50:39,996] {taskinstance.py:1241} INFO - 
--------------------------------------------------------------------------------
[2021-11-30 22:50:39,996] {taskinstance.py:1242} INFO - Starting attempt 1 of 1
[2021-11-30 22:50:39,997] {taskinstance.py:1243} INFO - 
--------------------------------------------------------------------------------
[2021-11-30 22:50:40,003] {taskinstance.py:1262} INFO - Executing <Task(ExternalTaskSensor): child_task1> on 2021-12-01 03:44:19.004712+00:00
[2021-11-30 22:50:40,005] {standard_task_runner.py:52} INFO - Started process 39535 to run task
[2021-11-30 22:50:40,009] {standard_task_runner.py:76} INFO - Running: ['airflow', 'tasks', 'run', 'example_external_task_marker_child', 'child_task1', 'manual__2021-12-01T03:44:19.004712+00:00', '--job-id', '8', '--raw', '--subdir', '/Users/laffertythomas/dev/airflow/venv/lib/python3.9/site-packages/airflow/example_dags/example_external_task_marker_dag.py', '--cfg-path', '/var/folders/xt/_j47lzt57cj88vmq2807qx_00000gp/T/tmpxjd5jytx', '--error-file', '/var/folders/xt/_j47lzt57cj88vmq2807qx_00000gp/T/tmpcas5bxku']
[2021-11-30 22:50:40,011] {standard_task_runner.py:77} INFO - Job 8: Subtask child_task1
[2021-11-30 22:50:40,039] {logging_mixin.py:109} INFO - Running <TaskInstance: example_external_task_marker_child.child_task1 manual__2021-12-01T03:44:19.004712+00:00 [running]> on host zipcodes-mbp-6.fios-router.home
[2021-11-30 22:50:40,062] {taskinstance.py:1427} INFO - Exporting the following env vars:
AIRFLOW_CTX_DAG_OWNER=airflow
AIRFLOW_CTX_DAG_ID=example_external_task_marker_child
AIRFLOW_CTX_TASK_ID=child_task1
AIRFLOW_CTX_EXECUTION_DATE=2021-12-01T03:44:19.004712+00:00
AIRFLOW_CTX_DAG_RUN_ID=manual__2021-12-01T03:44:19.004712+00:00
[2021-11-30 22:50:40,070] {logging_mixin.py:109} WARNING - /Users/laffertythomas/dev/airflow/venv/lib/python3.9/site-packages/airflow/models/taskinstance.py:1941 DeprecationWarning: Accessing 'execution_date' from the template is deprecated and will be removed in a future version. Please use 'logical_date' or 'data_interval_start' instead.
[2021-11-30 22:50:40,070] {external_task.py:169} INFO - Poking for tasks ['parent_task'] in dag example_external_task_marker_parent on 2021-12-01T03:44:19.004712+00:00 ... 
[2021-11-30 22:50:40,085] {taskinstance.py:1686} INFO - Rescheduling task, marking task as UP_FOR_RESCHEDULE
[2021-11-30 22:50:40,109] {local_task_job.py:154} INFO - Task exited with return code 0
[2021-11-30 22:50:40,131] {local_task_job.py:264} INFO - 0 downstream tasks scheduled from follow-on schedule check
[2021-11-30 22:51:43,097] {taskinstance.py:1035} INFO - Dependencies all met for <TaskInstance: example_external_task_marker_child.child_task1 manual__2021-12-01T03:44:19.004712+00:00 [queued]>
[2021-11-30 22:51:43,101] {taskinstance.py:1035} INFO - Dependencies all met for <TaskInstance: example_external_task_marker_child.child_task1 manual__2021-12-01T03:44:19.004712+00:00 [queued]>
[2021-11-30 22:51:43,101] {taskinstance.py:1241} INFO - 
--------------------------------------------------------------------------------
[2021-11-30 22:51:43,101] {taskinstance.py:1242} INFO - Starting attempt 1 of 1
[2021-11-30 22:51:43,101] {taskinstance.py:1243} INFO - 
--------------------------------------------------------------------------------
[2021-11-30 22:51:43,108] {taskinstance.py:1262} INFO - Executing <Task(ExternalTaskSensor): child_task1> on 2021-12-01 03:44:19.004712+00:00
[2021-11-30 22:51:43,109] {standard_task_runner.py:52} INFO - Started process 39570 to run task
[2021-11-30 22:51:43,115] {standard_task_runner.py:76} INFO - Running: ['airflow', 'tasks', 'run', 'example_external_task_marker_child', 'child_task1', 'manual__2021-12-01T03:44:19.004712+00:00', '--job-id', '9', '--raw', '--subdir', '/Users/laffertythomas/dev/airflow/venv/lib/python3.9/site-packages/airflow/example_dags/example_external_task_marker_dag.py', '--cfg-path', '/var/folders/xt/_j47lzt57cj88vmq2807qx_00000gp/T/tmpnlrowvdk', '--error-file', '/var/folders/xt/_j47lzt57cj88vmq2807qx_00000gp/T/tmpb78prsob']
[2021-11-30 22:51:43,117] {standard_task_runner.py:77} INFO - Job 9: Subtask child_task1
[2021-11-30 22:51:43,146] {logging_mixin.py:109} INFO - Running <TaskInstance: example_external_task_marker_child.child_task1 manual__2021-12-01T03:44:19.004712+00:00 [running]> on host zipcodes-mbp-6.fios-router.home
[2021-11-30 22:51:43,169] {taskinstance.py:1427} INFO - Exporting the following env vars:
AIRFLOW_CTX_DAG_OWNER=airflow
AIRFLOW_CTX_DAG_ID=example_external_task_marker_child
AIRFLOW_CTX_TASK_ID=child_task1
AIRFLOW_CTX_EXECUTION_DATE=2021-12-01T03:44:19.004712+00:00
AIRFLOW_CTX_DAG_RUN_ID=manual__2021-12-01T03:44:19.004712+00:00
[2021-11-30 22:51:43,176] {logging_mixin.py:109} WARNING - /Users/laffertythomas/dev/airflow/venv/lib/python3.9/site-packages/airflow/models/taskinstance.py:1941 DeprecationWarning: Accessing 'execution_date' from the template is deprecated and will be removed in a future version. Please use 'logical_date' or 'data_interval_start' instead.
[2021-11-30 22:51:43,177] {external_task.py:169} INFO - Poking for tasks ['parent_task'] in dag example_external_task_marker_parent on 2021-12-01T03:44:19.004712+00:00 ... 
[2021-11-30 22:51:43,191] {taskinstance.py:1686} INFO - Rescheduling task, marking task as UP_FOR_RESCHEDULE
[2021-11-30 22:51:43,210] {local_task_job.py:154} INFO - Task exited with return code 0
[2021-11-30 22:51:43,233] {local_task_job.py:264} INFO - 0 downstream tasks scheduled from follow-on schedule check
[2021-11-30 22:52:44,868] {taskinstance.py:1035} INFO - Dependencies all met for <TaskInstance: example_external_task_marker_child.child_task1 manual__2021-12-01T03:44:19.004712+00:00 [queued]>
[2021-11-30 22:52:44,874] {taskinstance.py:1035} INFO - Dependencies all met for <TaskInstance: example_external_task_marker_child.child_task1 manual__2021-12-01T03:44:19.004712+00:00 [queued]>
[2021-11-30 22:52:44,874] {taskinstance.py:1241} INFO - 
--------------------------------------------------------------------------------
[2021-11-30 22:52:44,874] {taskinstance.py:1242} INFO - Starting attempt 1 of 1
[2021-11-30 22:52:44,874] {taskinstance.py:1243} INFO - 
--------------------------------------------------------------------------------
[2021-11-30 22:52:44,880] {taskinstance.py:1262} INFO - Executing <Task(ExternalTaskSensor): child_task1> on 2021-12-01 03:44:19.004712+00:00
[2021-11-30 22:52:44,882] {standard_task_runner.py:52} INFO - Started process 39603 to run task
[2021-11-30 22:52:44,886] {standard_task_runner.py:76} INFO - Running: ['airflow', 'tasks', 'run', 'example_external_task_marker_child', 'child_task1', 'manual__2021-12-01T03:44:19.004712+00:00', '--job-id', '10', '--raw', '--subdir', '/Users/laffertythomas/dev/airflow/venv/lib/python3.9/site-packages/airflow/example_dags/example_external_task_marker_dag.py', '--cfg-path', '/var/folders/xt/_j47lzt57cj88vmq2807qx_00000gp/T/tmpxpumxs6q', '--error-file', '/var/folders/xt/_j47lzt57cj88vmq2807qx_00000gp/T/tmp7ndm91v6']
[2021-11-30 22:52:44,888] {standard_task_runner.py:77} INFO - Job 10: Subtask child_task1
[2021-11-30 22:52:44,918] {logging_mixin.py:109} INFO - Running <TaskInstance: example_external_task_marker_child.child_task1 manual__2021-12-01T03:44:19.004712+00:00 [running]> on host zipcodes-mbp-6.fios-router.home
[2021-11-30 22:52:44,942] {taskinstance.py:1427} INFO - Exporting the following env vars:
AIRFLOW_CTX_DAG_OWNER=airflow
AIRFLOW_CTX_DAG_ID=example_external_task_marker_child
AIRFLOW_CTX_TASK_ID=child_task1
AIRFLOW_CTX_EXECUTION_DATE=2021-12-01T03:44:19.004712+00:00
AIRFLOW_CTX_DAG_RUN_ID=manual__2021-12-01T03:44:19.004712+00:00
[2021-11-30 22:52:44,950] {logging_mixin.py:109} WARNING - /Users/laffertythomas/dev/airflow/venv/lib/python3.9/site-packages/airflow/models/taskinstance.py:1941 DeprecationWarning: Accessing 'execution_date' from the template is deprecated and will be removed in a future version. Please use 'logical_date' or 'data_interval_start' instead.
[2021-11-30 22:52:44,950] {external_task.py:169} INFO - Poking for tasks ['parent_task'] in dag example_external_task_marker_parent on 2021-12-01T03:44:19.004712+00:00 ... 
[2021-11-30 22:52:44,964] {taskinstance.py:1686} INFO - Rescheduling task, marking task as UP_FOR_RESCHEDULE
[2021-11-30 22:52:44,987] {local_task_job.py:154} INFO - Task exited with return code 0
[2021-11-30 22:52:45,009] {local_task_job.py:264} INFO - 0 downstream tasks scheduled from follow-on schedule check
[2021-11-30 22:53:47,363] {taskinstance.py:1035} INFO - Dependencies all met for <TaskInstance: example_external_task_marker_child.child_task1 manual__2021-12-01T03:44:19.004712+00:00 [queued]>
[2021-11-30 22:53:47,368] {taskinstance.py:1035} INFO - Dependencies all met for <TaskInstance: example_external_task_marker_child.child_task1 manual__2021-12-01T03:44:19.004712+00:00 [queued]>
[2021-11-30 22:53:47,368] {taskinstance.py:1241} INFO - 
--------------------------------------------------------------------------------
[2021-11-30 22:53:47,369] {taskinstance.py:1242} INFO - Starting attempt 1 of 1
[2021-11-30 22:53:47,369] {taskinstance.py:1243} INFO - 
--------------------------------------------------------------------------------
[2021-11-30 22:53:47,375] {taskinstance.py:1262} INFO - Executing <Task(ExternalTaskSensor): child_task1> on 2021-12-01 03:44:19.004712+00:00
[2021-11-30 22:53:47,377] {standard_task_runner.py:52} INFO - Started process 39636 to run task
[2021-11-30 22:53:47,384] {standard_task_runner.py:76} INFO - Running: ['airflow', 'tasks', 'run', 'example_external_task_marker_child', 'child_task1', 'manual__2021-12-01T03:44:19.004712+00:00', '--job-id', '11', '--raw', '--subdir', '/Users/laffertythomas/dev/airflow/venv/lib/python3.9/site-packages/airflow/example_dags/example_external_task_marker_dag.py', '--cfg-path', '/var/folders/xt/_j47lzt57cj88vmq2807qx_00000gp/T/tmptpzyumr0', '--error-file', '/var/folders/xt/_j47lzt57cj88vmq2807qx_00000gp/T/tmpupx1z6zs']
[2021-11-30 22:53:47,387] {standard_task_runner.py:77} INFO - Job 11: Subtask child_task1
[2021-11-30 22:53:47,416] {logging_mixin.py:109} INFO - Running <TaskInstance: example_external_task_marker_child.child_task1 manual__2021-12-01T03:44:19.004712+00:00 [running]> on host zipcodes-mbp-6.fios-router.home
[2021-11-30 22:53:47,440] {taskinstance.py:1427} INFO - Exporting the following env vars:
AIRFLOW_CTX_DAG_OWNER=airflow
AIRFLOW_CTX_DAG_ID=example_external_task_marker_child
AIRFLOW_CTX_TASK_ID=child_task1
AIRFLOW_CTX_EXECUTION_DATE=2021-12-01T03:44:19.004712+00:00
AIRFLOW_CTX_DAG_RUN_ID=manual__2021-12-01T03:44:19.004712+00:00
[2021-11-30 22:53:47,449] {logging_mixin.py:109} WARNING - /Users/laffertythomas/dev/airflow/venv/lib/python3.9/site-packages/airflow/models/taskinstance.py:1941 DeprecationWarning: Accessing 'execution_date' from the template is deprecated and will be removed in a future version. Please use 'logical_date' or 'data_interval_start' instead.
[2021-11-30 22:53:47,449] {external_task.py:169} INFO - Poking for tasks ['parent_task'] in dag example_external_task_marker_parent on 2021-12-01T03:44:19.004712+00:00 ... 
[2021-11-30 22:53:47,464] {taskinstance.py:1686} INFO - Rescheduling task, marking task as UP_FOR_RESCHEDULE
[2021-11-30 22:53:47,484] {local_task_job.py:154} INFO - Task exited with return code 0
[2021-11-30 22:53:47,505] {local_task_job.py:264} INFO - 0 downstream tasks scheduled from follow-on schedule check
[2021-11-30 22:54:49,988] {taskinstance.py:1035} INFO - Dependencies all met for <TaskInstance: example_external_task_marker_child.child_task1 manual__2021-12-01T03:44:19.004712+00:00 [queued]>
[2021-11-30 22:54:49,993] {taskinstance.py:1035} INFO - Dependencies all met for <TaskInstance: example_external_task_marker_child.child_task1 manual__2021-12-01T03:44:19.004712+00:00 [queued]>
[2021-11-30 22:54:49,993] {taskinstance.py:1241} INFO - 
--------------------------------------------------------------------------------
[2021-11-30 22:54:49,993] {taskinstance.py:1242} INFO - Starting attempt 1 of 1
[2021-11-30 22:54:49,993] {taskinstance.py:1243} INFO - 
--------------------------------------------------------------------------------
[2021-11-30 22:54:49,999] {taskinstance.py:1262} INFO - Executing <Task(ExternalTaskSensor): child_task1> on 2021-12-01 03:44:19.004712+00:00
[2021-11-30 22:54:50,001] {standard_task_runner.py:52} INFO - Started process 39668 to run task
[2021-11-30 22:54:50,006] {standard_task_runner.py:76} INFO - Running: ['airflow', 'tasks', 'run', 'example_external_task_marker_child', 'child_task1', 'manual__2021-12-01T03:44:19.004712+00:00', '--job-id', '12', '--raw', '--subdir', '/Users/laffertythomas/dev/airflow/venv/lib/python3.9/site-packages/airflow/example_dags/example_external_task_marker_dag.py', '--cfg-path', '/var/folders/xt/_j47lzt57cj88vmq2807qx_00000gp/T/tmp309zergx', '--error-file', '/var/folders/xt/_j47lzt57cj88vmq2807qx_00000gp/T/tmpn7p0dke2']
[2021-11-30 22:54:50,008] {standard_task_runner.py:77} INFO - Job 12: Subtask child_task1
[2021-11-30 22:54:50,037] {logging_mixin.py:109} INFO - Running <TaskInstance: example_external_task_marker_child.child_task1 manual__2021-12-01T03:44:19.004712+00:00 [running]> on host zipcodes-mbp-6.fios-router.home
[2021-11-30 22:54:50,059] {taskinstance.py:1427} INFO - Exporting the following env vars:
AIRFLOW_CTX_DAG_OWNER=airflow
AIRFLOW_CTX_DAG_ID=example_external_task_marker_child
AIRFLOW_CTX_TASK_ID=child_task1
AIRFLOW_CTX_EXECUTION_DATE=2021-12-01T03:44:19.004712+00:00
AIRFLOW_CTX_DAG_RUN_ID=manual__2021-12-01T03:44:19.004712+00:00
[2021-11-30 22:54:50,067] {logging_mixin.py:109} WARNING - /Users/laffertythomas/dev/airflow/venv/lib/python3.9/site-packages/airflow/models/taskinstance.py:1941 DeprecationWarning: Accessing 'execution_date' from the template is deprecated and will be removed in a future version. Please use 'logical_date' or 'data_interval_start' instead.
[2021-11-30 22:54:50,068] {external_task.py:169} INFO - Poking for tasks ['parent_task'] in dag example_external_task_marker_parent on 2021-12-01T03:44:19.004712+00:00 ... 
[2021-11-30 22:54:50,072] {taskinstance.py:1703} ERROR - Task failed with exception
Traceback (most recent call last):
  File "/Users/laffertythomas/dev/airflow/venv/lib/python3.9/site-packages/airflow/models/taskinstance.py", line 1332, in _run_raw_task
    self._execute_task_with_callbacks(context)
  File "/Users/laffertythomas/dev/airflow/venv/lib/python3.9/site-packages/airflow/models/taskinstance.py", line 1458, in _execute_task_with_callbacks
    result = self._execute_task(context, self.task)
  File "/Users/laffertythomas/dev/airflow/venv/lib/python3.9/site-packages/airflow/models/taskinstance.py", line 1514, in _execute_task
    result = execute_callable(context=context)
  File "/Users/laffertythomas/dev/airflow/venv/lib/python3.9/site-packages/airflow/sensors/base.py", line 240, in execute
    raise AirflowSensorTimeout(f"Snap. Time is OUT. DAG id: {log_dag_id}")
airflow.exceptions.AirflowSensorTimeout: Snap. Time is OUT. DAG id: example_external_task_marker_child
[2021-11-30 22:54:50,082] {taskinstance.py:1270} INFO - Immediate failure requested. Marking task as FAILED. dag_id=example_external_task_marker_child, task_id=child_task1, execution_date=20211201T034419, start_date=20211201T035449, end_date=20211201T035450
[2021-11-30 22:54:50,090] {standard_task_runner.py:88} ERROR - Failed to execute job 12 for task child_task1
Traceback (most recent call last):
  File "/Users/laffertythomas/dev/airflow/venv/lib/python3.9/site-packages/airflow/task/task_runner/standard_task_runner.py", line 85, in _start_by_fork
    args.func(args, dag=self.dag)
  File "/Users/laffertythomas/dev/airflow/venv/lib/python3.9/site-packages/airflow/cli/cli_parser.py", line 48, in command
    return func(*args, **kwargs)
  File "/Users/laffertythomas/dev/airflow/venv/lib/python3.9/site-packages/airflow/utils/cli.py", line 92, in wrapper
    return f(*args, **kwargs)
  File "/Users/laffertythomas/dev/airflow/venv/lib/python3.9/site-packages/airflow/cli/commands/task_command.py", line 292, in task_run
    _run_task_by_selected_method(args, dag, ti)
  File "/Users/laffertythomas/dev/airflow/venv/lib/python3.9/site-packages/airflow/cli/commands/task_command.py", line 107, in _run_task_by_selected_method
    _run_raw_task(args, ti)
  File "/Users/laffertythomas/dev/airflow/venv/lib/python3.9/site-packages/airflow/cli/commands/task_command.py", line 180, in _run_raw_task
    ti._run_raw_task(
  File "/Users/laffertythomas/dev/airflow/venv/lib/python3.9/site-packages/airflow/utils/session.py", line 70, in wrapper
    return func(*args, session=session, **kwargs)
  File "/Users/laffertythomas/dev/airflow/venv/lib/python3.9/site-packages/airflow/models/taskinstance.py", line 1332, in _run_raw_task
    self._execute_task_with_callbacks(context)
  File "/Users/laffertythomas/dev/airflow/venv/lib/python3.9/site-packages/airflow/models/taskinstance.py", line 1458, in _execute_task_with_callbacks
    result = self._execute_task(context, self.task)
  File "/Users/laffertythomas/dev/airflow/venv/lib/python3.9/site-packages/airflow/models/taskinstance.py", line 1514, in _execute_task
    result = execute_callable(context=context)
  File "/Users/laffertythomas/dev/airflow/venv/lib/python3.9/site-packages/airflow/sensors/base.py", line 240, in execute
    raise AirflowSensorTimeout(f"Snap. Time is OUT. DAG id: {log_dag_id}")
airflow.exceptions.AirflowSensorTimeout: Snap. Time is OUT. DAG id: example_external_task_marker_child
[2021-11-30 22:54:50,109] {local_task_job.py:154} INFO - Task exited with return code 1
[2021-11-30 22:54:50,132] {local_task_job.py:264} INFO - 0 downstream tasks scheduled from follow-on schedule check
