[2021-12-01 17:50:58,800] {taskinstance.py:1035} INFO - Dependencies all met for <TaskInstance: my_dag.training_model_C manual__2021-12-01T22:50:44.858833+00:00 [queued]>
[2021-12-01 17:50:58,805] {taskinstance.py:1035} INFO - Dependencies all met for <TaskInstance: my_dag.training_model_C manual__2021-12-01T22:50:44.858833+00:00 [queued]>
[2021-12-01 17:50:58,805] {taskinstance.py:1241} INFO - 
--------------------------------------------------------------------------------
[2021-12-01 17:50:58,805] {taskinstance.py:1242} INFO - Starting attempt 1 of 1
[2021-12-01 17:50:58,805] {taskinstance.py:1243} INFO - 
--------------------------------------------------------------------------------
[2021-12-01 17:50:58,812] {taskinstance.py:1262} INFO - Executing <Task(PythonOperator): training_model_C> on 2021-12-01 22:50:44.858833+00:00
[2021-12-01 17:50:58,814] {standard_task_runner.py:52} INFO - Started process 54166 to run task
[2021-12-01 17:50:58,821] {standard_task_runner.py:76} INFO - Running: ['airflow', 'tasks', 'run', 'my_dag', 'training_model_C', 'manual__2021-12-01T22:50:44.858833+00:00', '--job-id', '21', '--raw', '--subdir', 'DAGS_FOLDER/my_dag.py', '--cfg-path', '/var/folders/xt/_j47lzt57cj88vmq2807qx_00000gp/T/tmp7tmdsg6n', '--error-file', '/var/folders/xt/_j47lzt57cj88vmq2807qx_00000gp/T/tmp8mwctmny']
[2021-12-01 17:50:58,823] {standard_task_runner.py:77} INFO - Job 21: Subtask training_model_C
[2021-12-01 17:50:58,850] {logging_mixin.py:109} INFO - Running <TaskInstance: my_dag.training_model_C manual__2021-12-01T22:50:44.858833+00:00 [running]> on host zipcodes-macbook-pro-6.local
[2021-12-01 17:50:58,874] {taskinstance.py:1427} INFO - Exporting the following env vars:
AIRFLOW_CTX_DAG_OWNER=airflow
AIRFLOW_CTX_DAG_ID=my_dag
AIRFLOW_CTX_TASK_ID=training_model_C
AIRFLOW_CTX_EXECUTION_DATE=2021-12-01T22:50:44.858833+00:00
AIRFLOW_CTX_DAG_RUN_ID=manual__2021-12-01T22:50:44.858833+00:00
[2021-12-01 17:50:58,875] {python.py:152} INFO - Done. Returned value was: 8
[2021-12-01 17:50:58,884] {taskinstance.py:1270} INFO - Marking task as SUCCESS. dag_id=my_dag, task_id=training_model_C, execution_date=20211201T225044, start_date=20211201T225058, end_date=20211201T225058
[2021-12-01 17:50:58,924] {local_task_job.py:154} INFO - Task exited with return code 0
[2021-12-01 17:50:58,951] {local_task_job.py:264} INFO - 1 downstream tasks scheduled from follow-on schedule check
