[2021-12-01 17:51:04,733] {taskinstance.py:1035} INFO - Dependencies all met for <TaskInstance: my_dag.choose_best_model manual__2021-12-01T22:50:44.858833+00:00 [queued]>
[2021-12-01 17:51:04,738] {taskinstance.py:1035} INFO - Dependencies all met for <TaskInstance: my_dag.choose_best_model manual__2021-12-01T22:50:44.858833+00:00 [queued]>
[2021-12-01 17:51:04,738] {taskinstance.py:1241} INFO - 
--------------------------------------------------------------------------------
[2021-12-01 17:51:04,738] {taskinstance.py:1242} INFO - Starting attempt 1 of 1
[2021-12-01 17:51:04,738] {taskinstance.py:1243} INFO - 
--------------------------------------------------------------------------------
[2021-12-01 17:51:04,745] {taskinstance.py:1262} INFO - Executing <Task(BranchPythonOperator): choose_best_model> on 2021-12-01 22:50:44.858833+00:00
[2021-12-01 17:51:04,748] {standard_task_runner.py:52} INFO - Started process 54171 to run task
[2021-12-01 17:51:04,753] {standard_task_runner.py:76} INFO - Running: ['airflow', 'tasks', 'run', 'my_dag', 'choose_best_model', 'manual__2021-12-01T22:50:44.858833+00:00', '--job-id', '23', '--raw', '--subdir', 'DAGS_FOLDER/my_dag.py', '--cfg-path', '/var/folders/xt/_j47lzt57cj88vmq2807qx_00000gp/T/tmpqshbuy_8', '--error-file', '/var/folders/xt/_j47lzt57cj88vmq2807qx_00000gp/T/tmpwu1ixzje']
[2021-12-01 17:51:04,755] {standard_task_runner.py:77} INFO - Job 23: Subtask choose_best_model
[2021-12-01 17:51:04,781] {logging_mixin.py:109} INFO - Running <TaskInstance: my_dag.choose_best_model manual__2021-12-01T22:50:44.858833+00:00 [running]> on host zipcodes-macbook-pro-6.local
[2021-12-01 17:51:04,804] {taskinstance.py:1427} INFO - Exporting the following env vars:
AIRFLOW_CTX_DAG_OWNER=airflow
AIRFLOW_CTX_DAG_ID=my_dag
AIRFLOW_CTX_TASK_ID=choose_best_model
AIRFLOW_CTX_EXECUTION_DATE=2021-12-01T22:50:44.858833+00:00
AIRFLOW_CTX_DAG_RUN_ID=manual__2021-12-01T22:50:44.858833+00:00
[2021-12-01 17:51:04,807] {python.py:152} INFO - Done. Returned value was: inaccurate
[2021-12-01 17:51:04,808] {skipmixin.py:143} INFO - Following branch inaccurate
[2021-12-01 17:51:04,808] {skipmixin.py:174} INFO - Skipping tasks ['accurate']
[2021-12-01 17:51:04,825] {taskinstance.py:1270} INFO - Marking task as SUCCESS. dag_id=my_dag, task_id=choose_best_model, execution_date=20211201T225044, start_date=20211201T225104, end_date=20211201T225104
[2021-12-01 17:51:04,849] {local_task_job.py:154} INFO - Task exited with return code 0
[2021-12-01 17:51:04,872] {local_task_job.py:264} INFO - 1 downstream tasks scheduled from follow-on schedule check
